<?xml version="1.0" encoding="UTF-8"?>
<testng-results ignored="0" total="1" passed="1" failed="0" skipped="0">
  <reporter-output>
  </reporter-output>
  <suite started-at="2024-06-03T19:01:11 BST" name="Default suite" finished-at="2024-06-03T19:01:12 BST" duration-ms="615">
    <groups>
    </groups>
    <test started-at="2024-06-03T19:01:11 BST" name="Default test" finished-at="2024-06-03T19:01:12 BST" duration-ms="615">
      <class name="jenkins.TestJenkins">
        <test-method signature="demoJenkinsMethod1()[pri:0, instance:jenkins.TestJenkins@6a192cfe]" started-at="2024-06-03T19:01:12 BST" name="demoJenkinsMethod1" finished-at="2024-06-03T19:01:12 BST" duration-ms="56" status="PASS">
          <reporter-output>
          </reporter-output>
        </test-method> <!-- demoJenkinsMethod1 -->
        <test-method is-config="true" signature="demoJenkinsMethod2()[pri:0, instance:jenkins.TestJenkins@6a192cfe]" started-at="2024-06-03T19:01:12 BST" name="demoJenkinsMethod2" finished-at="2024-06-03T19:01:12 BST" duration-ms="382" status="PASS">
          <reporter-output>
          </reporter-output>
        </test-method> <!-- demoJenkinsMethod2 -->
      </class> <!-- jenkins.TestJenkins -->
    </test> <!-- Default test -->
  </suite> <!-- Default suite -->
</testng-results>
