<?xml version="1.0" encoding="UTF-8"?>
<testng-results ignored="0" total="1" passed="1" failed="0" skipped="0">
  <reporter-output>
  </reporter-output>
  <suite started-at="2024-05-26T13:16:13 BST" name="Default suite" finished-at="2024-05-26T13:17:33 BST" duration-ms="80421">
    <groups>
    </groups>
    <test started-at="2024-05-26T13:16:13 BST" name="Default test" finished-at="2024-05-26T13:17:33 BST" duration-ms="80421">
      <class name="givenAutomation.automation.jenkinHello">
        <test-method signature="resumeUpDate()[pri:0, instance:givenAutomation.automation.jenkinHello@61df66b6]" started-at="2024-05-26T13:16:13 BST" name="resumeUpDate" finished-at="2024-05-26T13:17:33 BST" duration-ms="80348" status="PASS">
          <reporter-output>
          </reporter-output>
        </test-method> <!-- resumeUpDate -->
      </class> <!-- givenAutomation.automation.jenkinHello -->
    </test> <!-- Default test -->
  </suite> <!-- Default suite -->
</testng-results>
